JvmtiExport can_access_local_variables 0
JvmtiExport can_hotswap_or_post_breakpoint 0
JvmtiExport can_post_on_exceptions 0
# 117 ciObject found
instanceKlass org/gradle/process/internal/shutdown/ShutdownHookActionRegister$GradleShutdownHook
instanceKlass org/gradle/process/internal/shutdown/ShutdownHookActionRegister
instanceKlass org/gradle/process/internal/streams/ExecOutputHandleRunner
instanceKlass org/gradle/util/DisconnectableInputStream$1
instanceKlass org/gradle/util/DisconnectableInputStream$ThreadExecuter
instanceKlass net/rubygrapefruit/platform/internal/jni/WindowsHandleFunctions
instanceKlass org/gradle/process/internal/ProcessBuilderFactory
instanceKlass org/gradle/process/internal/ExecHandleRunner
instanceKlass org/gradle/process/internal/ExecHandleShutdownHookAction
instanceKlass net/rubygrapefruit/platform/internal/DefaultProcessLauncher
instanceKlass net/rubygrapefruit/platform/internal/WindowsProcessLauncher
instanceKlass net/rubygrapefruit/platform/internal/WrapperProcessLauncher
instanceKlass org/gradle/process/internal/DefaultExecHandle
instanceKlass org/gradle/process/internal/ProcessSettings
instanceKlass org/gradle/process/internal/streams/StreamsForwarder
instanceKlass org/gradle/process/internal/streams/SafeStreams
instanceKlass org/gradle/process/internal/ExecHandleListener
instanceKlass org/gradle/process/internal/ExecHandle
instanceKlass org/gradle/process/internal/streams/StreamsHandler
instanceKlass com/android/build/gradle/internal/process/GradleJavaProcessExecutor$ExecAction
instanceKlass com/android/ide/common/process/BaseProcessOutputHandler$BaseProcessOutput
instanceKlass com/android/ide/common/process/ProcessInfoBuilder$JavaProcessInfoImpl
instanceKlass com/android/builder/core/DexProcessBuilder$2
instanceKlass com/android/builder/core/DexProcessBuilder$1
instanceKlass com/android/ide/common/process/JavaProcessInfo
instanceKlass com/android/builder/core/AndroidBuilder$3
instanceKlass com/android/ide/common/process/ProcessEnvBuilder
instanceKlass java/util/zip/ZipFile$ZipEntryIterator
instanceKlass com/android/build/gradle/internal/pipeline/IntermediateFolderUtils$8
instanceKlass com/android/ide/common/blame/parser/DexParser
instanceKlass com/android/ide/common/blame/parser/ToolOutputParser
instanceKlass com/android/ide/common/process/ProcessOutput
instanceKlass com/android/ide/common/process/BaseProcessOutputHandler
instanceKlass com/android/build/gradle/internal/pipeline/TransformInvocationBuilder$1
instanceKlass com/android/build/gradle/internal/pipeline/TransformOutputProviderImpl
instanceKlass com/android/build/gradle/internal/pipeline/TransformInvocationBuilder
instanceKlass com/android/ide/common/util/ReferenceHolder
instanceKlass com/google/common/io/CharStreams
instanceKlass com/android/build/gradle/tasks/MarkerFile
instanceKlass org/gradle/api/internal/changedetection/rules/DescriptiveChange
instanceKlass groovy/util/XmlNodePrinter$NamespaceContext
instanceKlass groovy/util/IndentPrinter
instanceKlass groovy/util/XmlNodePrinter
instanceKlass groovy/lang/DelegatingMetaClass
instanceKlass groovy/xml/FactorySupport$2
instanceKlass groovy/xml/FactorySupport
instanceKlass org/xml/sax/HandlerBase
instanceKlass groovy/util/Node
instanceKlass groovy/util/XmlParser
instanceKlass groovy/xml/QName
instanceKlass groovy/xml/Namespace
instanceKlass org/gradle/cache/internal/DefaultMultiProcessSafePersistentIndexedCache$3
instanceKlass org/gradle/api/internal/changedetection/state/CacheBackedTaskHistoryRepository$1$1
instanceKlass com/google/common/io/CharSink
instanceKlass com/android/builder/core/AndroidBuilder$5
instanceKlass com/android/manifmerger/MergingReport
instanceKlass com/google/common/io/LineBuffer
instanceKlass com/google/common/io/LineReader
instanceKlass com/google/common/collect/AbstractMapBasedMultimap$AsMap$AsMapIterator
instanceKlass com/google/common/collect/ImmutableMultimap$Builder
instanceKlass com/android/ide/common/xml/XmlAttributeSortOrder$3
instanceKlass com/android/ide/common/xml/XmlPrettyPrinter
instanceKlass com/android/ide/common/xml/XmlAttributeSortOrder$2
instanceKlass com/android/ide/common/xml/XmlAttributeSortOrder$1
instanceKlass com/android/ide/common/xml/XmlFormatPreferences
instanceKlass com/android/manifmerger/ToolsInstructionsCleaner
instanceKlass com/android/manifmerger/PostValidator$1
instanceKlass com/android/manifmerger/Actions
instanceKlass com/android/manifmerger/PostValidator
instanceKlass java/util/TreeMap$NavigableSubMap$SubMapIterator
instanceKlass java/util/Collections$ReverseComparator
instanceKlass com/android/manifmerger/ElementsTrimmer
instanceKlass com/android/manifmerger/XmlElement$1
instanceKlass com/android/manifmerger/MergingReport$Record
instanceKlass com/android/manifmerger/MergingReport$1
instanceKlass com/android/manifmerger/PreValidator
instanceKlass com/sun/org/apache/xerces/internal/dom/DeepNodeListImpl
instanceKlass com/android/manifmerger/Selector
instanceKlass com/google/common/base/AbstractIterator$1
instanceKlass com/android/manifmerger/PlaceholderHandler
instanceKlass com/android/manifmerger/Actions$DecisionTreeRecord
instanceKlass com/android/manifmerger/ConvertibleName
instanceKlass com/android/ide/common/blame/SourcePosition
instanceKlass com/android/ide/common/blame/SourceFilePosition
instanceKlass com/android/manifmerger/Actions$Record
instanceKlass com/android/manifmerger/XmlNode$NodeKey
instanceKlass com/android/manifmerger/XmlNode$Name
instanceKlass com/android/utils/SdkUtils
instanceKlass com/android/manifmerger/AttributeModel$Hexadecimal32Bits
instanceKlass com/android/manifmerger/ManifestModel$TwoAttributesBasedKeyResolver
instanceKlass com/android/manifmerger/AttributeModel$MultiValueValidator
instanceKlass com/android/manifmerger/XmlNode$NamespaceAwareName
instanceKlass com/android/manifmerger/AttributeModel$3
instanceKlass com/android/manifmerger/AttributeModel$2
instanceKlass com/android/manifmerger/AttributeModel$1
instanceKlass com/android/manifmerger/AttributeModel$MergingPolicy
instanceKlass com/android/manifmerger/AttributeModel
instanceKlass com/android/manifmerger/AttributeModel$Builder
instanceKlass com/android/manifmerger/AttributeModel$BooleanValidator
instanceKlass com/android/manifmerger/ManifestModel$2
instanceKlass com/android/manifmerger/ManifestModel$1
instanceKlass com/android/manifmerger/ManifestModel$NoKeyNodeResolver
instanceKlass com/android/manifmerger/ManifestModel$AttributeBasedNodeKeyResolver
instanceKlass com/android/manifmerger/ManifestModel
instanceKlass com/android/manifmerger/AttributeModel$Validator
instanceKlass com/android/manifmerger/ManifestModel$NodeKeyResolver
instanceKlass com/android/manifmerger/XmlNode$1
instanceKlass com/android/manifmerger/XmlNode$NodeName
instanceKlass com/android/manifmerger/XmlNode
instanceKlass com/android/ide/common/blame/SourceFile
instanceKlass com/android/manifmerger/XmlDocument
instanceKlass com/android/utils/PositionXmlParser$Position
instanceKlass com/sun/org/apache/xerces/internal/util/EntityResolver2Wrapper
instanceKlass com/sun/org/apache/xerces/internal/dom/ParentNode$UserDataRecord
instanceKlass java/util/Collections$EmptyEnumeration
instanceKlass org/xml/sax/ext/DeclHandler
instanceKlass org/xml/sax/ext/LexicalHandler
instanceKlass com/android/utils/PositionXmlParser
instanceKlass com/android/manifmerger/XmlLoader
instanceKlass com/android/manifmerger/ManifestMerger2$SelectorResolver
instanceKlass com/android/manifmerger/ActionRecorder
instanceKlass com/android/manifmerger/MergingReport$Builder
instanceKlass com/android/manifmerger/ManifestMerger2$MapBasedKeyBasedValueResolver
instanceKlass com/android/manifmerger/ManifestMerger2$FileStreamProvider
instanceKlass com/android/manifmerger/ManifestMerger2$AutoAddingProperty
instanceKlass com/android/utils/Pair
instanceKlass com/android/manifmerger/ManifestMerger2$Invoker
instanceKlass com/android/manifmerger/PlaceholderHandler$KeyBasedValueResolver
instanceKlass com/android/manifmerger/ManifestMerger2$ManifestInfo
instanceKlass com/android/manifmerger/KeyResolver
instanceKlass com/android/manifmerger/ManifestMerger2
instanceKlass org/gradle/api/internal/changedetection/state/FileCollectionSnapshotImpl$1
instanceKlass org/gradle/api/internal/changedetection/changes/StatefulIncrementalTaskInputs
instanceKlass org/gradle/api/internal/changedetection/changes/IncrementalTaskInputsInternal
instanceKlass org/gradle/api/internal/changedetection/changes/DiscoveredInputRecorder
instanceKlass org/gradle/api/internal/changedetection/rules/FileChange
instanceKlass org/gradle/api/tasks/incremental/InputFileDetails
instanceKlass sun/nio/fs/WindowsPath$1
instanceKlass com/google/common/cache/RemovalNotification
instanceKlass org/gradle/cache/internal/DefaultMultiProcessSafePersistentIndexedCache$2
instanceKlass org/gradle/api/internal/changedetection/state/CacheBackedTaskHistoryRepository$LazyTaskExecution$1
instanceKlass org/gradle/api/internal/file/collections/SingletonFileTree
instanceKlass com/android/build/gradle/tasks/ManifestProcessorTask$1
instanceKlass com/google/common/collect/ImmutableMap$SerializedForm
instanceKlass com/google/common/collect/ImmutableList$SerializedForm
instanceKlass org/gradle/api/internal/changedetection/state/OutputFilesCollectionSnapshotter$OutputFilesSnapshot$1
instanceKlass org/gradle/api/internal/changedetection/state/OutputFilesCollectionSnapshotter$OutputFilesSnapshot$2
instanceKlass org/gradle/api/internal/changedetection/state/DefaultVisitedTree$DefaultTreeSnapshot
instanceKlass org/gradle/api/internal/changedetection/state/DefaultVisitedTree$1
instanceKlass org/gradle/api/internal/changedetection/state/AbstractFileCollectionSnapshotter$1
instanceKlass org/gradle/api/internal/changedetection/state/FileHashSnapshot
instanceKlass org/gradle/api/internal/changedetection/state/FileSnapshotWithKey
instanceKlass org/gradle/api/internal/changedetection/state/CacheBackedTaskHistoryRepository$LazyTaskExecution$3
instanceKlass org/gradle/api/internal/file/FileTreeElementComparator
instanceKlass org/gradle/api/internal/file/FileTreeElementHasher
instanceKlass org/apache/commons/lang/builder/CompareToBuilder
instanceKlass org/gradle/api/internal/changedetection/state/CachingTreeVisitor$2
instanceKlass com/android/builder/model/NativeToolchain
instanceKlass com/android/builder/model/BuildTypeContainer
instanceKlass com/android/builder/model/ArtifactMetaData
instanceKlass com/android/builder/model/JavaCompileOptions
instanceKlass com/android/builder/model/ProductFlavorContainer
instanceKlass org/gradle/api/internal/changedetection/rules/AbstractFileSnapshotTaskStateChanges$ChangeListenerAdapter
instanceKlass org/gradle/api/internal/changedetection/state/FileCollectionSnapshotImpl$2
instanceKlass org/gradle/api/internal/changedetection/state/DefaultVisitedTree
instanceKlass org/gradle/api/internal/changedetection/rules/TaskStateChange
instanceKlass org/gradle/api/internal/changedetection/state/FilesSnapshotSet
instanceKlass org/gradle/api/internal/changedetection/state/FileCollectionSnapshot$ChangeIterator
instanceKlass org/gradle/api/internal/changedetection/state/StoredTreeSnapshot
instanceKlass org/gradle/api/internal/changedetection/state/CacheBackedTaskHistoryRepository$LazyTaskExecution$2
instanceKlass org/apache/commons/lang/ObjectUtils$Null
instanceKlass org/apache/commons/lang/exception/Nestable
instanceKlass org/apache/commons/lang/ObjectUtils
instanceKlass org/gradle/util/DiffUtil
instanceKlass org/gradle/api/internal/changedetection/rules/InputPropertiesTaskStateChanges$1
instanceKlass org/gradle/api/internal/changedetection/rules/SummaryTaskStateChanges
instanceKlass org/gradle/api/internal/changedetection/rules/CachingTaskStateChanges
instanceKlass org/gradle/api/internal/changedetection/state/DefaultVisitedTree$VisitedTreeComparator
instanceKlass org/gradle/api/internal/file/BufferedStreamingHasher
instanceKlass org/gradle/api/internal/changedetection/state/AbstractFileCollectionSnapshotter$DefaultFileCollectionSnapshotPreCheck
instanceKlass org/gradle/api/internal/changedetection/state/OutputFilesCollectionSnapshotter$OutputFileCollectionSnapshotPreCheck
instanceKlass org/gradle/api/internal/changedetection/rules/AbstractFileSnapshotTaskStateChanges
instanceKlass org/gradle/util/ChangeListener
instanceKlass org/gradle/api/internal/changedetection/rules/SimpleTaskStateChanges
instanceKlass org/gradle/api/internal/changedetection/rules/DiscoveredInputsListener
instanceKlass org/gradle/api/internal/changedetection/rules/TaskStateChanges
instanceKlass org/gradle/api/internal/changedetection/rules/TaskUpToDateState
instanceKlass org/gradle/api/internal/changedetection/state/CacheBackedTaskHistoryRepository$1
instanceKlass org/gradle/api/internal/changedetection/state/InputPropertiesSerializer
instanceKlass org/gradle/api/internal/changedetection/state/CacheBackedTaskHistoryRepository$LazyTaskExecution$TaskHistorySerializer
instanceKlass org/gradle/api/internal/changedetection/state/CacheBackedTaskHistoryRepository$TaskHistory
instanceKlass org/gradle/cache/internal/btree/FreeListBlockStore$FreeListEntry
instanceKlass org/gradle/api/internal/changedetection/state/CacheBackedTaskHistoryRepository$2
instanceKlass org/gradle/api/internal/changedetection/changes/DefaultTaskArtifactStateRepository$TaskArtifactStateImpl
instanceKlass org/gradle/internal/logging/compatbridge/LoggingManagerInternalCompatibilityBridge
instanceKlass org/gradle/api/internal/changedetection/changes/NoHistoryArtifactState
instanceKlass com/android/builder/profile/ExecutionRecord
instanceKlass com/google/common/base/Ascii
instanceKlass org/gradle/api/internal/tasks/execution/DefaultTaskExecutionContext
instanceKlass com/android/build/gradle/internal/profile/RecordingBuildListener$TaskRecord
instanceKlass org/gradle/internal/logging/events/StyledTextOutputEvent$Span
instanceKlass org/gradle/internal/progress/OperationIdGenerator
instanceKlass org/gradle/execution/taskgraph/AbstractTaskPlanExecutor$TaskExecutorWorker
instanceKlass org/gradle/api/execution/TaskActionListener
instanceKlass org/gradle/api/internal/tasks/execution/ExecuteActionsTaskExecuter
instanceKlass org/gradle/api/internal/tasks/execution/PostExecutionAnalysisTaskExecuter
instanceKlass org/gradle/api/internal/tasks/execution/SkipUpToDateTaskExecuter
instanceKlass org/gradle/api/internal/tasks/execution/ValidatingTaskExecuter
instanceKlass org/gradle/api/internal/tasks/execution/SkipEmptySourceFilesTaskExecuter
instanceKlass org/gradle/api/internal/tasks/execution/SkipTaskWithNoActionsExecuter
instanceKlass org/gradle/api/internal/tasks/execution/SkipOnlyIfTaskExecuter
instanceKlass org/gradle/api/internal/tasks/execution/ExecuteAtMostOnceTaskExecuter
instanceKlass org/gradle/api/execution/internal/TaskInputsListener$1
instanceKlass org/gradle/api/execution/internal/TaskInputsListener
instanceKlass org/gradle/api/internal/changedetection/changes/DefaultTaskArtifactStateRepository
instanceKlass org/gradle/api/internal/changedetection/TaskArtifactState
instanceKlass org/gradle/api/internal/changedetection/changes/ShortCircuitTaskArtifactStateRepository
instanceKlass org/gradle/api/internal/changedetection/state/CacheBackedTaskHistoryRepository$TaskHistorySerializer
instanceKlass org/gradle/api/internal/changedetection/state/CacheBackedFileSnapshotRepository
instanceKlass org/gradle/api/internal/changedetection/state/TaskHistoryRepository$History
instanceKlass org/gradle/api/internal/changedetection/state/TaskExecution
instanceKlass org/gradle/api/internal/changedetection/state/CacheBackedTaskHistoryRepository
instanceKlass org/gradle/api/internal/changedetection/state/OutputFilesSnapshotSerializer
instanceKlass org/gradle/api/internal/changedetection/state/OutputFilesCollectionSnapshotter$OutputFilesSnapshot
instanceKlass org/gradle/api/internal/changedetection/state/DefaultFileSnapshotterSerializer
instanceKlass org/gradle/api/internal/changedetection/state/FileCollectionSnapshotImpl
